Build started 04-04-2023 22:07:23.
     1>Project "C:\Users\personal\Desktop\C\Pattern-Print\22\22thPattern\22thPattern\22thPattern.vcxproj" on node 2 (build target(s)).
     1>PrepareForBuild:
         Creating directory "C:\Users\personal\Desktop\C\Pattern-Print\22\22thPattern\Debug\".
       InitializeBuildStatus:
         Creating "Debug\22thPattern.unsuccessfulbuild" because "AlwaysCreate" was specified.
       ClCompile:
         C:\Program Files (x86)\Microsoft Visual Studio 10.0\VC\bin\CL.exe /c /ZI /nologo /W3 /WX- /Od /Oy- /D _MBCS /Gm /EHsc /RTC1 /MDd /GS /fp:precise /Zc:wchar_t /Zc:forScope /Fo"Debug\\" /Fd"Debug\vc100.pdb" /Gd /TP /analyze- /errorReport:prompt 22th.cpp
         22th.cpp
     1>c:\users\personal\desktop\c\pattern-print\22\22thpattern\22thpattern\22th.cpp(6): warning C4996: 'scanf': This function or variable may be unsafe. Consider using scanf_s instead. To disable deprecation, use _CRT_SECURE_NO_WARNINGS. See online help for details.
                 c:\program files (x86)\microsoft visual studio 10.0\vc\include\stdio.h(304) : see declaration of 'scanf'
     1>c:\users\personal\desktop\c\pattern-print\22\22thpattern\22thpattern\22th.cpp(18): warning C4996: 'getch': The POSIX name for this item is deprecated. Instead, use the ISO C++ conformant name: _getch. See online help for details.
                 c:\program files (x86)\microsoft visual studio 10.0\vc\include\conio.h(128) : see declaration of 'getch'
       Link:
         C:\Program Files (x86)\Microsoft Visual Studio 10.0\VC\bin\link.exe /ERRORREPORT:PROMPT /OUT:"C:\Users\personal\Desktop\C\Pattern-Print\22\22thPattern\Debug\22thPattern.exe" /NOLOGO kernel32.lib user32.lib gdi32.lib winspool.lib comdlg32.lib advapi32.lib shell32.lib ole32.lib oleaut32.lib uuid.lib odbc32.lib odbccp32.lib /MANIFEST /ManifestFile:"Debug\22thPattern.exe.intermediate.manifest" /MANIFESTUAC:"level='asInvoker' uiAccess='false'" /DEBUG /PDB:"C:\Users\personal\Desktop\C\Pattern-Print\22\22thPattern\Debug\22thPattern.pdb" /TLBID:1 /DYNAMICBASE /NXCOMPAT /IMPLIB:"C:\Users\personal\Desktop\C\Pattern-Print\22\22thPattern\Debug\22thPattern.lib" /MACHINE:X86 Debug\22th.obj
         22thPattern.vcxproj -> C:\Users\personal\Desktop\C\Pattern-Print\22\22thPattern\Debug\22thPattern.exe
       Manifest:
         C:\Program Files (x86)\Microsoft SDKs\Windows\v7.0A\bin\mt.exe /nologo /verbose /outputresource:"C:\Users\personal\Desktop\C\Pattern-Print\22\22thPattern\Debug\22thPattern.exe;#1" /manifest Debug\22thPattern.exe.intermediate.manifest
       FinalizeBuildStatus:
         Deleting file "Debug\22thPattern.unsuccessfulbuild".
         Touching "Debug\22thPattern.lastbuildstate".
     1>Done Building Project "C:\Users\personal\Desktop\C\Pattern-Print\22\22thPattern\22thPattern\22thPattern.vcxproj" (build target(s)).

Build succeeded.

Time Elapsed 00:00:00.87
